-------------------------------------------------------------------------------
Test set: com.estagio.supervisionado.oitavo.periodo.monitoramento.MonitoramentoApplicationTests
-------------------------------------------------------------------------------
Tests run: 1, Failures: 0, Errors: 1, Skipped: 0, Time elapsed: 9.152 s <<< FAILURE! - in com.estagio.supervisionado.oitavo.periodo.monitoramento.MonitoramentoApplicationTests
com.estagio.supervisionado.oitavo.periodo.monitoramento.MonitoramentoApplicationTests  Time elapsed: 9.146 s  <<< ERROR!
java.lang.IllegalStateException: Unable to find a @SpringBootConfiguration, you need to use @ContextConfiguration or @SpringBootTest(classes=...) with your test

