<?xml version="1.0" encoding="UTF-8"?>
<testsuite xmlns:xsi="http://www.w3.org/2001/XMLSchema-instance" xsi:noNamespaceSchemaLocation="https://maven.apache.org/surefire/maven-surefire-plugin/xsd/surefire-test-report-3.0.xsd" version="3.0" name="com.estagio.supervisionado.oitavo.periodo.monitoramento.MonitoramentoApplicationTests" time="1.043" tests="1" errors="1" skipped="0" failures="0">
  <properties>
[...]
</properties>
  <testcase name="com.estagio.supervisionado.oitavo.periodo.monitoramento.MonitoramentoApplicationTests" classname="com.estagio.supervisionado.oitavo.periodo.monitoramento.MonitoramentoApplicationTests" time="1.041">
    <error message="Unable to find a @SpringBootConfiguration, you need to use @ContextConfiguration or @SpringBootTest(classes=...) with your test" type="java.lang.IllegalStateException">java.lang.IllegalStateException: Unable to find a @SpringBootConfiguration, you need to use @ContextConfiguration or @SpringBootTest(classes=...) with your test
</error>
    <system-out><![CDATA[21:49:22.005 [main] DEBUG org.springframework.test.context.BootstrapUtils - Instantiating CacheAwareContextLoaderDelegate from class [org.springframework.test.context.cache.DefaultCacheAwareContextLoaderDelegate]
21:49:22.034 [main] DEBUG org.springframework.test.context.BootstrapUtils - Instantiating BootstrapContext using constructor [public org.springframework.test.context.support.DefaultBootstrapContext(java.lang.Class,org.springframework.test.context.CacheAwareContextLoaderDelegate)]
21:49:22.107 [main] DEBUG org.springframework.test.context.BootstrapUtils - Instantiating TestContextBootstrapper for test class [com.estagio.supervisionado.oitavo.periodo.monitoramento.MonitoramentoApplicationTests] from class [org.springframework.boot.test.context.SpringBootTestContextBootstrapper]
21:49:22.147 [main] INFO org.springframework.boot.test.context.SpringBootTestContextBootstrapper - Neither @ContextConfiguration nor @ContextHierarchy found for test class [com.estagio.supervisionado.oitavo.periodo.monitoramento.MonitoramentoApplicationTests], using SpringBootContextLoader
21:49:22.161 [main] DEBUG org.springframework.test.context.support.AbstractContextLoader - Did not detect default resource location for test class [com.estagio.supervisionado.oitavo.periodo.monitoramento.MonitoramentoApplicationTests]: class path resource [com/estagio/supervisionado/oitavo/periodo/monitoramento/MonitoramentoApplicationTests-context.xml] does not exist
21:49:22.162 [main] DEBUG org.springframework.test.context.support.AbstractContextLoader - Did not detect default resource location for test class [com.estagio.supervisionado.oitavo.periodo.monitoramento.MonitoramentoApplicationTests]: class path resource [com/estagio/supervisionado/oitavo/periodo/monitoramento/MonitoramentoApplicationTestsContext.groovy] does not exist
21:49:22.162 [main] INFO org.springframework.test.context.support.AbstractContextLoader - Could not detect default resource locations for test class [com.estagio.supervisionado.oitavo.periodo.monitoramento.MonitoramentoApplicationTests]: no resource found for suffixes {-context.xml, Context.groovy}.
21:49:22.164 [main] INFO org.springframework.test.context.support.AnnotationConfigContextLoaderUtils - Could not detect default configuration classes for test class [com.estagio.supervisionado.oitavo.periodo.monitoramento.MonitoramentoApplicationTests]: MonitoramentoApplicationTests does not declare any static, non-private, non-final, nested classes annotated with @Configuration.
21:49:22.278 [main] DEBUG org.springframework.test.context.support.ActiveProfilesUtils - Could not find an 'annotation declaring class' for annotation type [org.springframework.test.context.ActiveProfiles] and class [com.estagio.supervisionado.oitavo.periodo.monitoramento.MonitoramentoApplicationTests]
21:49:22.494 [main] DEBUG org.springframework.test.context.BootstrapUtils - Instantiating CacheAwareContextLoaderDelegate from class [org.springframework.test.context.cache.DefaultCacheAwareContextLoaderDelegate]
21:49:22.495 [main] DEBUG org.springframework.test.context.BootstrapUtils - Instantiating BootstrapContext using constructor [public org.springframework.test.context.support.DefaultBootstrapContext(java.lang.Class,org.springframework.test.context.CacheAwareContextLoaderDelegate)]
21:49:22.496 [main] DEBUG org.springframework.test.context.BootstrapUtils - Instantiating TestContextBootstrapper for test class [com.estagio.supervisionado.oitavo.periodo.monitoramento.MonitoramentoApplicationTests] from class [org.springframework.boot.test.context.SpringBootTestContextBootstrapper]
21:49:22.497 [main] INFO org.springframework.boot.test.context.SpringBootTestContextBootstrapper - Neither @ContextConfiguration nor @ContextHierarchy found for test class [com.estagio.supervisionado.oitavo.periodo.monitoramento.MonitoramentoApplicationTests], using SpringBootContextLoader
21:49:22.500 [main] DEBUG org.springframework.test.context.support.AbstractContextLoader - Did not detect default resource location for test class [com.estagio.supervisionado.oitavo.periodo.monitoramento.MonitoramentoApplicationTests]: class path resource [com/estagio/supervisionado/oitavo/periodo/monitoramento/MonitoramentoApplicationTests-context.xml] does not exist
21:49:22.501 [main] DEBUG org.springframework.test.context.support.AbstractContextLoader - Did not detect default resource location for test class [com.estagio.supervisionado.oitavo.periodo.monitoramento.MonitoramentoApplicationTests]: class path resource [com/estagio/supervisionado/oitavo/periodo/monitoramento/MonitoramentoApplicationTestsContext.groovy] does not exist
21:49:22.502 [main] INFO org.springframework.test.context.support.AbstractContextLoader - Could not detect default resource locations for test class [com.estagio.supervisionado.oitavo.periodo.monitoramento.MonitoramentoApplicationTests]: no resource found for suffixes {-context.xml, Context.groovy}.
21:49:22.502 [main] INFO org.springframework.test.context.support.AnnotationConfigContextLoaderUtils - Could not detect default configuration classes for test class [com.estagio.supervisionado.oitavo.periodo.monitoramento.MonitoramentoApplicationTests]: MonitoramentoApplicationTests does not declare any static, non-private, non-final, nested classes annotated with @Configuration.
21:49:22.506 [main] DEBUG org.springframework.test.context.support.ActiveProfilesUtils - Could not find an 'annotation declaring class' for annotation type [org.springframework.test.context.ActiveProfiles] and class [com.estagio.supervisionado.oitavo.periodo.monitoramento.MonitoramentoApplicationTests]
21:49:22.553 [main] DEBUG org.springframework.test.context.BootstrapUtils - Instantiating CacheAwareContextLoaderDelegate from class [org.springframework.test.context.cache.DefaultCacheAwareContextLoaderDelegate]
21:49:22.553 [main] DEBUG org.springframework.test.context.BootstrapUtils - Instantiating BootstrapContext using constructor [public org.springframework.test.context.support.DefaultBootstrapContext(java.lang.Class,org.springframework.test.context.CacheAwareContextLoaderDelegate)]
21:49:22.554 [main] DEBUG org.springframework.test.context.BootstrapUtils - Instantiating TestContextBootstrapper for test class [com.estagio.supervisionado.oitavo.periodo.monitoramento.MonitoramentoApplicationTests] from class [org.springframework.boot.test.context.SpringBootTestContextBootstrapper]
21:49:22.556 [main] INFO org.springframework.boot.test.context.SpringBootTestContextBootstrapper - Neither @ContextConfiguration nor @ContextHierarchy found for test class [com.estagio.supervisionado.oitavo.periodo.monitoramento.MonitoramentoApplicationTests], using SpringBootContextLoader
21:49:22.557 [main] DEBUG org.springframework.test.context.support.AbstractContextLoader - Did not detect default resource location for test class [com.estagio.supervisionado.oitavo.periodo.monitoramento.MonitoramentoApplicationTests]: class path resource [com/estagio/supervisionado/oitavo/periodo/monitoramento/MonitoramentoApplicationTests-context.xml] does not exist
21:49:22.558 [main] DEBUG org.springframework.test.context.support.AbstractContextLoader - Did not detect default resource location for test class [com.estagio.supervisionado.oitavo.periodo.monitoramento.MonitoramentoApplicationTests]: class path resource [com/estagio/supervisionado/oitavo/periodo/monitoramento/MonitoramentoApplicationTestsContext.groovy] does not exist
21:49:22.559 [main] INFO org.springframework.test.context.support.AbstractContextLoader - Could not detect default resource locations for test class [com.estagio.supervisionado.oitavo.periodo.monitoramento.MonitoramentoApplicationTests]: no resource found for suffixes {-context.xml, Context.groovy}.
21:49:22.560 [main] INFO org.springframework.test.context.support.AnnotationConfigContextLoaderUtils - Could not detect default configuration classes for test class [com.estagio.supervisionado.oitavo.periodo.monitoramento.MonitoramentoApplicationTests]: MonitoramentoApplicationTests does not declare any static, non-private, non-final, nested classes annotated with @Configuration.
21:49:22.566 [main] DEBUG org.springframework.test.context.support.ActiveProfilesUtils - Could not find an 'annotation declaring class' for annotation type [org.springframework.test.context.ActiveProfiles] and class [com.estagio.supervisionado.oitavo.periodo.monitoramento.MonitoramentoApplicationTests]
]]></system-out>
  </testcase>
</testsuite>